<?xml version="1.0" encoding="UTF-8"?>
<!-- Generated by org.testng.reporters.JUnitReportReporter -->
<testsuite skipped="0" hostname="WINDOWS-H6EFL0Q" name="com.inetBanking.testCases.TestV" tests="8" failures="0" timestamp="2021-03-01T17:07:03 EET" time="0.025" errors="0">
  <testcase name="methodV" time="0.002" classname="com.inetBanking.testCases.TestV"/>
  <system-out/>
  <testcase name="methodV" time="0.003" classname="com.inetBanking.testCases.TestV"/>
  <system-out/>
  <testcase name="methodV" time="0.002" classname="com.inetBanking.testCases.TestV"/>
  <system-out/>
  <testcase name="methodV" time="0.005" classname="com.inetBanking.testCases.TestV"/>
  <system-out/>
  <testcase name="methodV" time="0.003" classname="com.inetBanking.testCases.TestV"/>
  <system-out/>
  <testcase name="methodV" time="0.002" classname="com.inetBanking.testCases.TestV"/>
  <system-out/>
  <testcase name="methodV" time="0.006" classname="com.inetBanking.testCases.TestV"/>
  <system-out/>
  <testcase name="methodV" time="0.002" classname="com.inetBanking.testCases.TestV"/>
  <system-out/>
</testsuite> <!-- com.inetBanking.testCases.TestV -->
