<?xml version="1.0" encoding="UTF-8"?>
<!-- Generated by org.testng.reporters.JUnitReportReporter -->
<testsuite skipped="0" hostname="WINDOWS-H6EFL0Q" name="com.inetBanking.testCases.T1" tests="1" failures="0" timestamp="2021-03-01T23:19:19 EET" time="0.006" errors="0">
  <testcase name="testMV1234562345" time="0.006" classname="com.inetBanking.testCases.T1"/>
  <system-out/>
</testsuite> <!-- com.inetBanking.testCases.T1 -->
