<?xml version="1.0" encoding="UTF-8"?>
<!-- Generated by org.testng.reporters.JUnitReportReporter -->
<testsuite skipped="0" hostname="WINDOWS-H6EFL0Q" name="com.inetBanking.pageObjects.ClassV1" tests="1" failures="0" timestamp="2021-02-27T21:49:28 EET" time="0.012" errors="0">
  <testcase name="t" time="0.012" classname="com.inetBanking.pageObjects.ClassV1"/>
  <system-out/>
</testsuite> <!-- com.inetBanking.pageObjects.ClassV1 -->
