<?xml version="1.0" encoding="UTF-8"?>
<!-- Generated by org.testng.reporters.JUnitReportReporter -->
<testsuite skipped="0" hostname="WINDOWS-H6EFL0Q" name="com.inetBanking.pageObjects.ClassV2" tests="1" failures="0" timestamp="2021-02-27T22:00:41 EET" time="0.013" errors="0">
  <testcase name="meth1" time="0.013" classname="com.inetBanking.pageObjects.ClassV2"/>
  <system-out/>
</testsuite> <!-- com.inetBanking.pageObjects.ClassV2 -->
