<?xml version="1.0" encoding="UTF-8"?>
<!-- Generated by org.testng.reporters.JUnitReportReporter -->
<testsuite skipped="0" hostname="WINDOWS-H6EFL0Q" name="com.inetBanking.testCases.T2" tests="1" failures="0" timestamp="2021-03-01T23:19:19 EET" time="0.001" errors="0">
  <testcase name="testMV1234" time="0.001" classname="com.inetBanking.testCases.T2"/>
  <system-out/>
</testsuite> <!-- com.inetBanking.testCases.T2 -->
