<?xml version="1.0" encoding="UTF-8"?>
<!-- Generated by org.testng.reporters.JUnitReportReporter -->
<testsuite skipped="0" hostname="WINDOWS-H6EFL0Q" name="com.inetBanking.testCases.TC_001_LoginTest" tests="1" failures="0" timestamp="2021-03-04T11:01:09 EET" time="8.467" errors="0">
  <testcase name="loginTest" time="8.467" classname="com.inetBanking.testCases.TC_001_LoginTest"/>
  <system-out/>
</testsuite> <!-- com.inetBanking.testCases.TC_001_LoginTest -->
