<?xml version="1.0" encoding="UTF-8"?>
<!-- Generated by org.testng.reporters.JUnitReportReporter -->
<testsuite skipped="0" hostname="WINDOWS-H6EFL0Q" name="com.inetBanking.testCases.TC_003_NewCustomerTest" tests="1" failures="0" timestamp="2021-03-15T16:59:54 EET" time="7.560" errors="0">
  <testcase name="createNewCustomer" time="7.560" classname="com.inetBanking.testCases.TC_003_NewCustomerTest"/>
  <system-out/>
</testsuite> <!-- com.inetBanking.testCases.TC_003_NewCustomerTest -->
